生成启动时间为 2016/4/10 10:27:01。
     1>项目“D:\VS2010旗舰版Projects\Projects\Calculator_1.1.0\Calculator\Calculator.vcxproj”在节点 2 上(build 个目标)。
     1>InitializeBuildStatus:
         正在创建“Debug\Calculator.unsuccessfulbuild”，因为已指定“AlwaysCreate”。
       ClCompile:
         e:\Visual Studio 2010旗舰版\VC\bin\CL.exe /c /ZI /nologo /W3 /WX- /Od /Oy- /D WIN32 /D _DEBUG /D _CONSOLE /D _UNICODE /D UNICODE /Gm /EHsc /RTC1 /MDd /GS /fp:precise /Zc:wchar_t /Zc:forScope /Fo"Debug\\" /Fd"Debug\vc100.pdb" /Gd /TP /analyze- /errorReport:prompt Main.cpp
         Main.cpp
       ManifestResourceCompile:
         所有输出均为最新。
       Link:
         e:\Visual Studio 2010旗舰版\VC\bin\link.exe /ERRORREPORT:PROMPT /OUT:"D:\VS2010旗舰版Projects\Projects\Calculator_1.1.0\Debug\Calculator.exe" /INCREMENTAL /NOLOGO kernel32.lib user32.lib gdi32.lib winspool.lib comdlg32.lib advapi32.lib shell32.lib ole32.lib oleaut32.lib uuid.lib odbc32.lib odbccp32.lib /MANIFEST /ManifestFile:"Debug\Calculator.exe.intermediate.manifest" /MANIFESTUAC:"level='asInvoker' uiAccess='false'" /DEBUG /PDB:"D:\VS2010旗舰版Projects\Projects\Calculator_1.1.0\Debug\Calculator.pdb" /SUBSYSTEM:CONSOLE /TLBID:1 /DYNAMICBASE /NXCOMPAT /IMPLIB:"D:\VS2010旗舰版Projects\Projects\Calculator_1.1.0\Debug\Calculator.lib" /MACHINE:X86 Debug\Calculator.exe.embed.manifest.res
         Debug\Calculation.obj
         Debug\Main.obj
         Debug\Print.obj
         Debug\Scan.obj
       Manifest:
         C:\Program Files (x86)\Microsoft SDKs\Windows\v7.0A\bin\mt.exe /nologo /verbose /out:"Debug\Calculator.exe.embed.manifest" /manifest Debug\Calculator.exe.intermediate.manifest
         所有输出均为最新。
       LinkEmbedManifest:
         所有输出均为最新。
         Calculator.vcxproj -> D:\VS2010旗舰版Projects\Projects\Calculator_1.1.0\Debug\Calculator.exe
       FinalizeBuildStatus:
         正在删除文件“Debug\Calculator.unsuccessfulbuild”。
         正在对“Debug\Calculator.lastbuildstate”执行 Touch 任务。
     1>已完成生成项目“D:\VS2010旗舰版Projects\Projects\Calculator_1.1.0\Calculator\Calculator.vcxproj”(build 个目标)的操作。

生成成功。

已用时间 00:00:06.47
